--- [SYSTEM] PACK: 'hugo' (*.orig.tar.xz)
File 'hugo_0.101.0.orig.tar.xz' found!
--- [SYSTEM] BUILD: 'github.com/pkgstore/linux-deb-hugo.git'
dpkg-source: info: using source format '3.0 (quilt)'
dpkg-source: info: building hugo using existing ./hugo_0.101.0.orig.tar.xz
dpkg-source: warning: ignoring deletion of file hugo, use --include-removal to override
dpkg-source: warning: ignoring deletion of file LICENSE, use --include-removal to override
dpkg-source: warning: ignoring deletion of file README.md, use --include-removal to override
dpkg-source: info: building hugo in hugo_0.101.0-1000.debian.tar.xz
dpkg-source: info: building hugo in hugo_0.101.0-1000.dsc
File 'hugo_0.101.0-1000.dsc' found!
Build completed!
--- [SYSTEM] MOVE: '/root/git/repo_src' -> '/root/git/repo_dst'
Removing old files from repository...
removed '/root/git/repo_dst/LICENSE'
removed '/root/git/repo_dst/README.md'
removed '/root/git/repo_dst/_meta'
removed '/root/git/repo_dst/_service'
removed '/root/git/repo_dst/build.log'
removed '/root/git/repo_dst/hugo_0.101.0-1000.debian.tar.xz'
removed '/root/git/repo_dst/hugo_0.101.0-1000.dsc'
removed '/root/git/repo_dst/hugo_0.101.0.orig.tar.xz'
Moving new files to repository...
renamed '/root/git/repo_src/_service' -> '/root/git/repo_dst/_service'
renamed '/root/git/repo_src/_meta' -> '/root/git/repo_dst/_meta'
renamed '/root/git/repo_src/README.md' -> '/root/git/repo_dst/README.md'
renamed '/root/git/repo_src/LICENSE' -> '/root/git/repo_dst/LICENSE'
renamed '/root/git/repo_src/hugo_0.101.0-1000.debian.tar.xz' -> '/root/git/repo_dst/hugo_0.101.0-1000.debian.tar.xz'
renamed '/root/git/repo_src/hugo_0.101.0.orig.tar.xz' -> '/root/git/repo_dst/hugo_0.101.0.orig.tar.xz'
renamed '/root/git/repo_src/hugo_0.101.0-1000.dsc' -> '/root/git/repo_dst/hugo_0.101.0-1000.dsc'
renamed '/root/git/repo_src/build.log' -> '/root/git/repo_dst/build.log'
